2026.02.15 23:13:19 INFO  Started: Metals version 1.6.5 in folders '/Users/tokitoki/Desktop/VSCodeProjects/Luminnautic' for client Visual Studio Code 1.109.2.
2026.02.15 23:13:19 INFO  Memory monitor started
2026.02.15 23:13:19 WARN  Using H2 2.4.240 which is newer than the version Flyway has been verified with. The latest verified version of H2 is 2.3.232.
2026.02.15 23:13:20 INFO  no build target found for /Users/tokitoki/Desktop/VSCodeProjects/Luminnautic/src/main/java/twox/luminnautic/Luminnautic.java. Using fallback presentation compiler.
2026.02.15 23:13:21 INFO  no build target found for /Users/tokitoki/Desktop/VSCodeProjects/Luminnautic/src/main/java/twox/luminnautic/Luminnautic.java. Using fallback presentation compiler.
2026.02.15 23:15:53 INFO  no build target found for /Users/tokitoki/Desktop/VSCodeProjects/Luminnautic/src/main/java/twox/luminnautic/Luminnautic.java. Using fallback presentation compiler.
2026.02.15 23:15:53 INFO  no build target found for /Users/tokitoki/Desktop/VSCodeProjects/Luminnautic/src/main/java/twox/luminnautic/Luminnautic.java. Using fallback presentation compiler.
2026.02.15 23:15:53 INFO  no build target found for /Users/tokitoki/Desktop/VSCodeProjects/Luminnautic/src/main/java/twox/luminnautic/Luminnautic.java. Using fallback presentation compiler.
2026.02.15 23:16:05 INFO  no build target found for /Users/tokitoki/Desktop/VSCodeProjects/Luminnautic/src/main/java/twox/luminnautic/Luminnautic.java. Using fallback presentation compiler.
2026.02.15 23:18:13 INFO  no build target found for /Users/tokitoki/Desktop/VSCodeProjects/Luminnautic/src/main/java/twox/luminnautic/Luminnautic.java. Using fallback presentation compiler.
2026.02.15 23:18:21 INFO  no build target found for /Users/tokitoki/Desktop/VSCodeProjects/Luminnautic/src/main/java/twox/luminnautic/Luminnautic.java. Using fallback presentation compiler.
2026.02.15 23:19:30 INFO  no build target found for /Users/tokitoki/Desktop/VSCodeProjects/Luminnautic/src/main/java/twox/luminnautic/Luminnautic.java. Using fallback presentation compiler.
2026.02.15 23:19:34 INFO  no build target found for /Users/tokitoki/Desktop/VSCodeProjects/Luminnautic/src/main/java/twox/luminnautic/Luminnautic.java. Using fallback presentation compiler.
2026.02.15 23:19:39 INFO  no build target found for /Users/tokitoki/Desktop/VSCodeProjects/Luminnautic/src/main/java/twox/luminnautic/Luminnautic.java. Using fallback presentation compiler.
2026.02.15 23:19:44 INFO  no build target found for /Users/tokitoki/Desktop/VSCodeProjects/Luminnautic/src/main/java/twox/luminnautic/Luminnautic.java. Using fallback presentation compiler.
2026.02.15 23:21:42 INFO  no build target found for /Users/tokitoki/Desktop/VSCodeProjects/Luminnautic/src/main/java/twox/luminnautic/Luminnautic.java. Using fallback presentation compiler.
2026.02.15 23:21:45 INFO  no build target found for /Users/tokitoki/Desktop/VSCodeProjects/Luminnautic/src/main/java/twox/luminnautic/Luminnautic.java. Using fallback presentation compiler.
2026.02.15 23:21:50 INFO  no build target found for /Users/tokitoki/Desktop/VSCodeProjects/Luminnautic/src/main/java/twox/luminnautic/Luminnautic.java. Using fallback presentation compiler.
2026.02.15 23:26:42 INFO  no build target found for /Users/tokitoki/Desktop/VSCodeProjects/Luminnautic/src/main/java/twox/luminnautic/Luminnautic.java. Using fallback presentation compiler.
2026.02.15 23:26:47 INFO  no build target found for /Users/tokitoki/Desktop/VSCodeProjects/Luminnautic/src/main/java/twox/luminnautic/Luminnautic.java. Using fallback presentation compiler.
2026.02.15 23:26:51 INFO  no build target found for /Users/tokitoki/Desktop/VSCodeProjects/Luminnautic/src/main/java/twox/luminnautic/Luminnautic.java. Using fallback presentation compiler.
2026.02.15 23:26:56 INFO  no build target found for /Users/tokitoki/Desktop/VSCodeProjects/Luminnautic/src/main/java/twox/luminnautic/Luminnautic.java. Using fallback presentation compiler.
2026.02.15 23:28:05 INFO  no build target found for /Users/tokitoki/Desktop/VSCodeProjects/Luminnautic/src/main/java/twox/luminnautic/command/NauticDepthsCommand.java. Using fallback presentation compiler.
2026.02.15 23:28:05 INFO  no build target found for /Users/tokitoki/Desktop/VSCodeProjects/Luminnautic/src/main/java/twox/luminnautic/command/NauticDepthsCommand.java. Using fallback presentation compiler.
2026.02.15 23:28:06 INFO  no build target found for /Users/tokitoki/Desktop/VSCodeProjects/Luminnautic/src/main/java/twox/luminnautic/command/NauticDepthsCommand.java. Using fallback presentation compiler.
2026.02.15 23:28:06 INFO  no build target found for /Users/tokitoki/Desktop/VSCodeProjects/Luminnautic/src/main/java/twox/luminnautic/command/NauticDepthsCommand.java. Using fallback presentation compiler.
2026.02.15 23:28:21 INFO  no build target found for /Users/tokitoki/Desktop/VSCodeProjects/Luminnautic/src/main/java/twox/luminnautic/command/NauticDepthsCommand.java. Using fallback presentation compiler.
2026.02.15 23:28:21 INFO  no build target found for /Users/tokitoki/Desktop/VSCodeProjects/Luminnautic/src/main/java/twox/luminnautic/command/NauticDepthsCommand.java. Using fallback presentation compiler.
2026.02.15 23:28:26 INFO  no build target found for /Users/tokitoki/Desktop/VSCodeProjects/Luminnautic/src/main/java/twox/luminnautic/command/NauticDepthsCommand.java. Using fallback presentation compiler.
2026.02.15 23:28:26 INFO  no build target found for /Users/tokitoki/Desktop/VSCodeProjects/Luminnautic/src/main/java/twox/luminnautic/command/NauticDepthsCommand.java. Using fallback presentation compiler.
2026.02.15 23:28:26 INFO  no build target found for /Users/tokitoki/Desktop/VSCodeProjects/Luminnautic/src/main/java/twox/luminnautic/command/NauticDepthsCommand.java. Using fallback presentation compiler.
2026.02.15 23:28:28 INFO  no build target found for /Users/tokitoki/Desktop/VSCodeProjects/Luminnautic/src/main/java/twox/luminnautic/command/NauticDepthsCommand.java. Using fallback presentation compiler.
2026.02.15 23:28:30 INFO  no build target found for /Users/tokitoki/Desktop/VSCodeProjects/Luminnautic/src/main/java/twox/luminnautic/command/NauticDepthsCommand.java. Using fallback presentation compiler.
2026.02.15 23:28:32 INFO  no build target found for /Users/tokitoki/Desktop/VSCodeProjects/Luminnautic/src/main/java/twox/luminnautic/command/NauticDepthsCommand.java. Using fallback presentation compiler.
2026.02.15 23:28:34 INFO  no build target found for /Users/tokitoki/Desktop/VSCodeProjects/Luminnautic/src/main/java/twox/luminnautic/command/NauticDepthsCommand.java. Using fallback presentation compiler.
2026.02.15 23:28:37 INFO  no build target found for /Users/tokitoki/Desktop/VSCodeProjects/Luminnautic/src/main/java/twox/luminnautic/command/NauticDepthsCommand.java. Using fallback presentation compiler.
2026.02.15 23:28:37 INFO  no build target found for /Users/tokitoki/Desktop/VSCodeProjects/Luminnautic/src/main/java/twox/luminnautic/command/NauticDepthsCommand.java. Using fallback presentation compiler.
2026.02.15 23:28:37 INFO  no build target found for /Users/tokitoki/Desktop/VSCodeProjects/Luminnautic/src/main/java/twox/luminnautic/command/NauticDepthsCommand.java. Using fallback presentation compiler.
2026.02.15 23:28:38 INFO  no build target found for /Users/tokitoki/Desktop/VSCodeProjects/Luminnautic/src/main/java/twox/luminnautic/command/NauticDepthsCommand.java. Using fallback presentation compiler.
2026.02.15 23:28:44 INFO  no build target found for /Users/tokitoki/Desktop/VSCodeProjects/Luminnautic/src/main/java/twox/luminnautic/command/NauticDepthsCommand.java. Using fallback presentation compiler.
2026.02.15 23:36:11 INFO  no build target found for /Users/tokitoki/Desktop/VSCodeProjects/Luminnautic/src/main/java/twox/luminnautic/command/NauticDepthsCommand.java. Using fallback presentation compiler.
2026.02.15 23:37:45 INFO  no build target found for /Users/tokitoki/Desktop/VSCodeProjects/Luminnautic/src/main/java/twox/luminnautic/Luminnautic.java. Using fallback presentation compiler.
